<component name="libraryTable">
  <library name="junit-4.12">
    <CLASSES>
      <root url="jar://$PROJECT_DIR$/../IntelliJ/idea-IU-203.7148.57/lib/junit-4.12.jar!/" />
      <root url="jar://$PROJECT_DIR$/../IntelliJ/idea-IU-203.7148.57/lib/hamcrest-core-1.3.jar!/" />
    </CLASSES>
    <JAVADOC />
    <SOURCES />
  </library>
</component>